<?xml version="1.0" encoding="UTF-8"?>
<testng-results ignored="0" total="1" passed="1" failed="0" skipped="0">
  <reporter-output>
  </reporter-output>
  <suite started-at="2025-08-18T10:39:59 IST" name="Default suite" finished-at="2025-08-18T10:40:08 IST" duration-ms="9386">
    <groups>
    </groups>
    <test started-at="2025-08-18T10:39:59 IST" name="Default test" finished-at="2025-08-18T10:40:08 IST" duration-ms="9386">
      <class name="TestPack.TestClass">
        <test-method signature="checkoutEndToEnd()[pri:0, instance:TestPack.TestClass@50029372]" started-at="2025-08-18T10:39:59 IST" name="checkoutEndToEnd" finished-at="2025-08-18T10:40:08 IST" duration-ms="9260" status="PASS">
          <reporter-output>
          </reporter-output>
        </test-method> <!-- checkoutEndToEnd -->
      </class> <!-- TestPack.TestClass -->
    </test> <!-- Default test -->
  </suite> <!-- Default suite -->
</testng-results>
